\BOOKMARK [1][-]{section.1}{Question 1: Linear Classifiers}{}% 1
\BOOKMARK [2][-]{subsection.1.1}{Question 1\(a\)}{section.1}% 2
\BOOKMARK [2][-]{subsection.1.2}{Question 1\(b\) Coding}{section.1}% 3
\BOOKMARK [2][-]{subsection.1.3}{Question 1\(c\)}{section.1}% 4
\BOOKMARK [2][-]{subsection.1.4}{Question 1\(d\)}{section.1}% 5
\BOOKMARK [3][-]{subsubsection.1.4.1}{}{subsection.1.4}% 6
\BOOKMARK [3][-]{subsubsection.1.4.2}{0}{subsection.1.4}% 7
\BOOKMARK [3][-]{subsubsection.1.4.3}{1}{subsection.1.4}% 8
\BOOKMARK [3][-]{subsubsection.1.4.4}{-1}{subsection.1.4}% 9
\BOOKMARK [2][-]{subsection.1.5}{Question 1\(e\) Coding}{section.1}% 10
\BOOKMARK [2][-]{subsection.1.6}{Question 1 \(f\)}{section.1}% 11
\BOOKMARK [2][-]{subsection.1.7}{Question 1\(g\)}{section.1}% 12
\BOOKMARK [2][-]{subsection.1.8}{Question 1\(h\)}{section.1}% 13
\BOOKMARK [1][-]{section.2}{Question 2: Incomplete, Positive-Only Labels}{}% 14
\BOOKMARK [2][-]{subsection.2.1}{Question 2\(a\) Coding}{section.2}% 15
\BOOKMARK [2][-]{subsection.2.2}{Question 2\(b\) Coding}{section.2}% 16
\BOOKMARK [2][-]{subsection.2.3}{Question 2\(c\)}{section.2}% 17
\BOOKMARK [2][-]{subsection.2.4}{Question 2\(d\)}{section.2}% 18
\BOOKMARK [2][-]{subsection.2.5}{Question 2\(e\)}{section.2}% 19
\BOOKMARK [2][-]{subsection.2.6}{Question 2\(f\) Coding}{section.2}% 20
\BOOKMARK [1][-]{section.3}{Question 3: Poisson Regression}{}% 21
\BOOKMARK [2][-]{subsection.3.1}{Question 3\(a\)}{section.3}% 22
\BOOKMARK [2][-]{subsection.3.2}{Question 3\(b\)}{section.3}% 23
\BOOKMARK [2][-]{subsection.3.3}{Question 3\(c\)}{section.3}% 24
\BOOKMARK [2][-]{subsection.3.4}{Question 3\(d\) Coding}{section.3}% 25
\BOOKMARK [1][-]{section.4}{Question 4: Convexity of Generalized Linear Models}{}% 26
\BOOKMARK [2][-]{subsection.4.1}{Question 4\(a\)}{section.4}% 27
\BOOKMARK [2][-]{subsection.4.2}{Question 4\(b\)}{section.4}% 28
\BOOKMARK [2][-]{subsection.4.3}{Question 4\(c\)}{section.4}% 29
\BOOKMARK [1][-]{section.5}{Question 5: Linear Regression}{}% 30
\BOOKMARK [2][-]{subsection.5.1}{Question 5\(a\)}{section.5}% 31
\BOOKMARK [2][-]{subsection.5.2}{Question 5\(b\) Coding}{section.5}% 32
\BOOKMARK [2][-]{subsection.5.3}{Question 5\(c\) Coding}{section.5}% 33
\BOOKMARK [2][-]{subsection.5.4}{Question 5\(d\) Coding}{section.5}% 34
\BOOKMARK [2][-]{subsection.5.5}{Question 5\(e\) Coding}{section.5}% 35
