This is pdfTeX, Version 3.14159265-2.6-1.40.17 (TeX Live 2016) (preloaded format=pdftex 2016.5.22)  1 JUL 2019 23:17
entering extended mode
 restricted \write18 enabled.
 file:line:error style messages enabled.
 %&-line parsing enabled.
**01-degree-3-math-sol.tex
(./01-degree-3-math-sol.tex
./01-degree-3-math-sol.tex:1: Undefined control sequence.
l.1 \begin
          {answer}
The control sequence at the end of the top line
of your error message was never \def'ed. If you have
misspelled it (e.g., `\hobx'), type `I' and the correct
spelling (e.g., `I\hbox'). Otherwise just continue,
and I'll forget about whatever was undefined.

[1{/usr/local/texlive/2016/texmf-var/fonts/map/pdftex/updmap/pdftex.map}] )</usr/local/texlive/2016/texmf-dist/fonts/type1/public/amsfonts/cm/cmr10.pfb>
Output written on "/Users/tianyudu/Google Drive/Summer2019/Stanford Summer Session/CS229/Summer 2019/Problem Set/ps1/ps1/tex/featuremaps/.texpadtmp/01-degree-3-math-sol.pdf" (1 page, 11795 bytes).
PDF statistics:
 12 PDF objects out of 1000 (max. 8388607)
 7 compressed objects within 1 object stream
 0 named destinations out of 1000 (max. 500000)
 1 words of extra memory for PDF output out of 10000 (max. 10000000)

