\BOOKMARK [1][-]{section.1}{Problem 1 Logistic Regression: Training Stability}{}% 1
\BOOKMARK [2][-]{subsection.1.1}{1\(a\)}{section.1}% 2
\BOOKMARK [2][-]{subsection.1.2}{1\(b\)}{section.1}% 3
\BOOKMARK [2][-]{subsection.1.3}{1\(c\)}{section.1}% 4
\BOOKMARK [2][-]{subsection.1.4}{1\(d\)}{section.1}% 5
\BOOKMARK [1][-]{section.2}{Problem 2 Spam Classification}{}% 6
\BOOKMARK [2][-]{subsection.2.1}{2\(a\)}{section.2}% 7
\BOOKMARK [2][-]{subsection.2.2}{2\(b\)}{section.2}% 8
\BOOKMARK [2][-]{subsection.2.3}{2\(c\)}{section.2}% 9
\BOOKMARK [2][-]{subsection.2.4}{2\(d\)}{section.2}% 10
\BOOKMARK [1][-]{section.3}{Problem 3 Constructing Kernels}{}% 11
\BOOKMARK [2][-]{subsection.3.1}{3\(a\)}{section.3}% 12
\BOOKMARK [2][-]{subsection.3.2}{3\(b\)}{section.3}% 13
\BOOKMARK [2][-]{subsection.3.3}{3\(c\)}{section.3}% 14
\BOOKMARK [2][-]{subsection.3.4}{3\(d\)}{section.3}% 15
\BOOKMARK [2][-]{subsection.3.5}{3\(e\)}{section.3}% 16
\BOOKMARK [2][-]{subsection.3.6}{3\(f\)}{section.3}% 17
\BOOKMARK [2][-]{subsection.3.7}{3\(g\)}{section.3}% 18
\BOOKMARK [2][-]{subsection.3.8}{3\(h\)}{section.3}% 19
\BOOKMARK [1][-]{section.4}{Problem 4 Kernelizing the Perceptron}{}% 20
\BOOKMARK [2][-]{subsection.4.1}{4\(a\)}{section.4}% 21
\BOOKMARK [2][-]{subsection.4.2}{4\(b\) Coding}{section.4}% 22
\BOOKMARK [2][-]{subsection.4.3}{4\(c\)}{section.4}% 23
\BOOKMARK [1][-]{section.5}{Problem 5 Neural Networks: MNIST image classification}{}% 24
\BOOKMARK [2][-]{subsection.5.1}{5\(a\)}{section.5}% 25
\BOOKMARK [2][-]{subsection.5.2}{5\(b\)}{section.5}% 26
\BOOKMARK [2][-]{subsection.5.3}{5\(c\)}{section.5}% 27
\BOOKMARK [1][-]{section.6}{Problem 6 Bayesian Interpretation of Regularization}{}% 28
\BOOKMARK [2][-]{subsection.6.1}{6\(a\)}{section.6}% 29
\BOOKMARK [2][-]{subsection.6.2}{6\(b\)}{section.6}% 30
\BOOKMARK [2][-]{subsection.6.3}{6\(c\)}{section.6}% 31
\BOOKMARK [2][-]{subsection.6.4}{6\(d\)}{section.6}% 32
